CCS PCM C Compiler, Version 5.015, 5967               31-mar.-21 13:50

               Filename:   F:\Universidad\PIC CSS COMPILER AND PROTEUS\Programacion Y control de perifericos\Proyecto numero  (31)\PIC CSS Compiler\main.lst

               ROM used:   377 words (9%)
                           Largest free fragment is 2048
               RAM used:   4 (1%) at main() level
                           28 (7%) worst case
               Stack used: 5 locations
               Stack size: 16

*
0000:  MOVLP  00
0001:  GOTO   143
0002:  NOP
.................... #include <16F1827.h> 
.................... //////////// Standard Header file for the PIC16F1827 device //////////////// 
.................... /////////////////////////////////////////////////////////////////////////// 
.................... ////        (C) Copyright 1996, 2013 Custom Computer Services          //// 
.................... //// This source code may only be used by licensed users of the CCS C  //// 
.................... //// compiler.  This source code may only be distributed to other      //// 
.................... //// licensed users of the CCS C compiler.  No other use, reproduction //// 
.................... //// or distribution is permitted without written permission.          //// 
.................... //// Derivative programs created using this software in object code    //// 
.................... //// form are not restricted in any way.                               //// 
.................... /////////////////////////////////////////////////////////////////////////// 
.................... #device PIC16F1827 
0003:  DATA CD,37
0004:  DATA F4,37
0005:  DATA 72,10
0006:  DATA 65,37
0007:  DATA E3,32
0008:  DATA 6E,32
0009:  DATA 69,32
000A:  DATA 6F,00
000B:  DATA 8C,26
000C:  DATA 6F,3A
000D:  DATA 6F,39
000E:  DATA A0,30
000F:  DATA F0,30
0010:  DATA E7,30
0011:  DATA E4,37
0012:  DATA 00,00
*
00F9:  MOVF   0B,W
00FA:  BCF    0B.7
00FB:  MOVLB  03
00FC:  BSF    15.7
00FD:  BSF    15.0
00FE:  NOP
00FF:  NOP
0100:  BTFSC  09.7
0101:  BSF    0B.7
0102:  MOVF   13,W
0103:  ANDLW  7F
0104:  BTFSC  03.2
0105:  GOTO   141
0106:  MOVLB  00
0107:  MOVWF  21
0108:  MOVLB  03
0109:  MOVF   11,W
010A:  MOVLB  00
010B:  MOVWF  22
010C:  MOVLB  03
010D:  MOVF   12,W
010E:  MOVLB  00
010F:  MOVWF  23
0110:  MOVF   21,W
0111:  MOVWF  24
0112:  CALL   0CD
0113:  MOVF   22,W
0114:  MOVLB  03
0115:  MOVWF  11
0116:  MOVLB  00
0117:  MOVF   23,W
0118:  MOVLB  03
0119:  MOVWF  12
011A:  MOVF   0B,W
011B:  BCF    0B.7
011C:  BSF    15.7
011D:  BSF    15.0
011E:  NOP
011F:  NOP
0120:  BTFSC  09.7
0121:  BSF    0B.7
0122:  RLF    13,W
0123:  RLF    14,W
0124:  ANDLW  7F
0125:  BTFSC  03.2
0126:  GOTO   141
0127:  MOVLB  00
0128:  MOVWF  21
0129:  MOVLB  03
012A:  MOVF   11,W
012B:  MOVLB  00
012C:  MOVWF  22
012D:  MOVLB  03
012E:  MOVF   12,W
012F:  MOVLB  00
0130:  MOVWF  23
0131:  MOVF   21,W
0132:  MOVWF  24
0133:  CALL   0CD
0134:  MOVF   22,W
0135:  MOVLB  03
0136:  MOVWF  11
0137:  MOVLB  00
0138:  MOVF   23,W
0139:  MOVLB  03
013A:  MOVWF  12
013B:  INCF   11,F
013C:  BTFSC  03.2
013D:  INCF   12,F
013E:  MOVLB  00
013F:  GOTO   0F9
0140:  MOVLB  03
0141:  MOVLB  00
0142:  RETURN
....................  
.................... #list 
....................  
.................... #device ADC=16 
.................... #use delay(clock=4MHz,crystal=4MHz) 
*
0013:  MOVLW  20
0014:  MOVWF  05
0015:  MOVLW  06
0016:  MOVWF  04
0017:  MOVF   00,W
0018:  BTFSC  03.2
0019:  GOTO   028
001A:  MOVLW  01
001B:  MOVWF  78
001C:  CLRF   77
001D:  DECFSZ 77,F
001E:  GOTO   01D
001F:  DECFSZ 78,F
0020:  GOTO   01C
0021:  MOVLW  4A
0022:  MOVWF  77
0023:  DECFSZ 77,F
0024:  GOTO   023
0025:  GOTO   026
0026:  DECFSZ 00,F
0027:  GOTO   01A
0028:  RETURN
.................... #include <lcd.c> 
.................... /////////////////////////////////////////////////////////////////////////////// 
.................... ////                             LCD.C                                     //// 
.................... ////                 Driver for common LCD modules                         //// 
.................... ////                                                                       //// 
.................... ////  lcd_init()   Must be called before any other function.               //// 
.................... ////                                                                       //// 
.................... ////  lcd_putc(c)  Will display c on the next position of the LCD.         //// 
.................... ////                 \a  Set cursor position to upper left                 //// 
.................... ////                 \f  Clear display, set cursor to upper left           //// 
.................... ////                 \n  Go to start of second line                        //// 
.................... ////                 \b  Move back one position                            //// 
.................... ////              If LCD_EXTENDED_NEWLINE is defined, the \n character     //// 
.................... ////              will erase all remanining characters on the current      //// 
.................... ////              line, and move the cursor to the beginning of the next   //// 
.................... ////              line.                                                    //// 
.................... ////              If LCD_EXTENDED_NEWLINE is defined, the \r character     //// 
.................... ////              will move the cursor to the start of the current         //// 
.................... ////              line.                                                    //// 
.................... ////                                                                       //// 
.................... ////  lcd_gotoxy(x,y) Set write position on LCD (upper left is 1,1)        //// 
.................... ////                                                                       //// 
.................... ////  lcd_getc(x,y)   Returns character at position x,y on LCD             //// 
.................... ////                                                                       //// 
.................... ////  lcd_cursor_on(int1 on)   Turn the cursor on (on=TRUE) or off         //// 
.................... ////              (on=FALSE).                                              //// 
.................... ////                                                                       //// 
.................... ////  lcd_set_cgram_char(w, *p)   Write a custom character to the CGRAM.   //// 
.................... ////                                                                       //// 
.................... ////                                                                       //// 
.................... ////  CONFIGURATION                                                        //// 
.................... ////  The LCD can be configured in one of two ways: a.) port access or     //// 
.................... ////  b.) pin access.  Port access requires the entire 7 bit interface     //// 
.................... ////  connected to one GPIO port, and the data bits (D4:D7 of the LCD)     //// 
.................... ////  connected to sequential pins on the GPIO.  Pin access                //// 
.................... ////  has no requirements, all 7 bits of the control interface can         //// 
.................... ////  can be connected to any GPIO using several ports.                    //// 
.................... ////                                                                       //// 
.................... ////  To use port access, #define LCD_DATA_PORT to the SFR location of     //// 
.................... ////  of the GPIO port that holds the interface, -AND- edit LCD_PIN_MAP    //// 
.................... ////  of this file to configure the pin order.  If you are using a         //// 
.................... ////  baseline PIC (PCB), then LCD_OUTPUT_MAP and LCD_INPUT_MAP also must  //// 
.................... ////  be defined.                                                          //// 
.................... ////                                                                       //// 
.................... ////  Example of port access:                                              //// 
.................... ////     #define LCD_DATA_PORT getenv("SFR:PORTD")                         //// 
.................... ////                                                                       //// 
.................... ////  To use pin access, the following pins must be defined:               //// 
.................... ////     LCD_ENABLE_PIN                                                    //// 
.................... ////     LCD_RS_PIN                                                        //// 
.................... ////     LCD_RW_PIN                                                        //// 
.................... ////     LCD_DATA4                                                         //// 
.................... ////     LCD_DATA5                                                         //// 
.................... ////     LCD_DATA6                                                         //// 
.................... ////     LCD_DATA7                                                         //// 
.................... ////                                                                       //// 
.................... ////  Example of pin access:                                               //// 
.................... ////     #define LCD_ENABLE_PIN  PIN_E0                                    //// 
.................... ////     #define LCD_RS_PIN      PIN_E1                                    //// 
.................... ////     #define LCD_RW_PIN      PIN_E2                                    //// 
.................... ////     #define LCD_DATA4       PIN_D4                                    //// 
.................... ////     #define LCD_DATA5       PIN_D5                                    //// 
.................... ////     #define LCD_DATA6       PIN_D6                                    //// 
.................... ////     #define LCD_DATA7       PIN_D7                                    //// 
.................... ////                                                                       //// 
.................... /////////////////////////////////////////////////////////////////////////////// 
.................... ////        (C) Copyright 1996,2010 Custom Computer Services           //// 
.................... //// This source code may only be used by licensed users of the CCS C  //// 
.................... //// compiler.  This source code may only be distributed to other      //// 
.................... //// licensed users of the CCS C compiler.  No other use, reproduction //// 
.................... //// or distribution is permitted without written permission.          //// 
.................... //// Derivative programs created using this software in object code    //// 
.................... //// form are not restricted in any way.                               //// 
.................... /////////////////////////////////////////////////////////////////////////// 
....................  
.................... #ifndef __LCD_C__ 
.................... #define __LCD_C__ 
....................  
.................... // define the pinout. 
.................... // only required if port access is being used. 
.................... typedef struct   
.................... {                            // This structure is overlayed 
....................    int1 enable;           // on to an I/O port to gain 
....................    int1 rs;               // access to the LCD pins. 
....................    int1 rw;               // The bits are allocated from 
....................    int1 unused;           // low order up.  ENABLE will 
....................    unsigned int     data : 4;         // be LSB pin of that port. 
....................   #if defined(__PCD__)       // The port used will be LCD_DATA_PORT. 
....................    unsigned int    reserved: 8; 
....................   #endif 
.................... } LCD_PIN_MAP; 
....................  
.................... // this is to improve compatability with previous LCD drivers that accepted 
.................... // a define labeled 'use_portb_lcd' that configured the LCD onto port B. 
.................... #if ((defined(use_portb_lcd)) && (use_portb_lcd==TRUE)) 
....................  #define LCD_DATA_PORT getenv("SFR:PORTB") 
.................... #endif 
....................  
.................... #if defined(__PCB__) 
....................    // these definitions only need to be modified for baseline PICs. 
....................    // all other PICs use LCD_PIN_MAP or individual LCD_xxx pin definitions. 
.................... /*                                    EN, RS,   RW,   UNUSED,  DATA  */ 
....................  const LCD_PIN_MAP LCD_OUTPUT_MAP =  {0,  0,    0,    0,       0}; 
....................  const LCD_PIN_MAP LCD_INPUT_MAP =   {0,  0,    0,    0,       0xF}; 
.................... #endif 
....................  
.................... ////////////////////// END CONFIGURATION /////////////////////////////////// 
....................  
.................... #ifndef LCD_ENABLE_PIN 
....................    #define lcd_output_enable(x) lcdlat.enable=x 
....................    #define lcd_enable_tris()   lcdtris.enable=0 
.................... #else 
....................    #define lcd_output_enable(x) output_bit(LCD_ENABLE_PIN, x) 
....................    #define lcd_enable_tris()  output_drive(LCD_ENABLE_PIN) 
.................... #endif 
....................  
.................... #ifndef LCD_RS_PIN 
....................    #define lcd_output_rs(x) lcdlat.rs=x 
....................    #define lcd_rs_tris()   lcdtris.rs=0 
.................... #else 
....................    #define lcd_output_rs(x) output_bit(LCD_RS_PIN, x) 
....................    #define lcd_rs_tris()  output_drive(LCD_RS_PIN) 
.................... #endif 
....................  
.................... #ifndef LCD_RW_PIN 
....................    #define lcd_output_rw(x) lcdlat.rw=x 
....................    #define lcd_rw_tris()   lcdtris.rw=0 
.................... #else 
....................    #define lcd_output_rw(x) output_bit(LCD_RW_PIN, x) 
....................    #define lcd_rw_tris()  output_drive(LCD_RW_PIN) 
.................... #endif 
....................  
.................... // original version of this library incorrectly labeled LCD_DATA0 as LCD_DATA4, 
.................... // LCD_DATA1 as LCD_DATA5, and so on.  this block of code makes the driver 
.................... // compatible with any code written for the original library 
.................... #if (defined(LCD_DATA0) && defined(LCD_DATA1) && defined(LCD_DATA2) && defined(LCD_DATA3) && !defined(LCD_DATA4) && !defined(LCD_DATA5) && !defined(LCD_DATA6) && !defined(LCD_DATA7)) 
....................    #define  LCD_DATA4    LCD_DATA0 
....................    #define  LCD_DATA5    LCD_DATA1 
....................    #define  LCD_DATA6    LCD_DATA2 
....................    #define  LCD_DATA7    LCD_DATA3 
.................... #endif 
....................  
.................... #ifndef LCD_DATA4 
.................... #ifndef LCD_DATA_PORT 
....................    #if defined(__PCB__) 
....................       #define LCD_DATA_PORT      0x06     //portb 
....................       #define set_tris_lcd(x)   set_tris_b(x) 
....................    #else 
....................      #if defined(PIN_D0) 
....................       #define LCD_DATA_PORT      getenv("SFR:PORTD")     //portd 
....................      #else 
....................       #define LCD_DATA_PORT      getenv("SFR:PORTB")     //portb 
....................      #endif 
....................    #endif    
.................... #endif 
....................  
.................... #if defined(__PCB__) 
....................    LCD_PIN_MAP lcd, lcdlat; 
....................    #byte lcd = LCD_DATA_PORT 
....................    #byte lcdlat = LCD_DATA_PORT 
.................... #elif defined(__PCM__) 
....................    LCD_PIN_MAP lcd, lcdlat, lcdtris; 
....................    #byte lcd = LCD_DATA_PORT 
....................    #byte lcdlat = LCD_DATA_PORT 
....................    #byte lcdtris = LCD_DATA_PORT+0x80 
.................... #elif defined(__PCH__) 
....................    LCD_PIN_MAP lcd, lcdlat, lcdtris; 
....................    #byte lcd = LCD_DATA_PORT 
....................    #byte lcdlat = LCD_DATA_PORT+9 
....................    #byte lcdtris = LCD_DATA_PORT+0x12 
.................... #elif defined(__PCD__) 
....................    LCD_PIN_MAP lcd, lcdlat, lcdtris; 
....................    #word lcd = LCD_DATA_PORT 
....................    #word lcdlat = LCD_DATA_PORT+2 
....................    #word lcdtris = LCD_DATA_PORT-0x02 
.................... #endif 
.................... #endif   //LCD_DATA4 not defined 
....................  
.................... #ifndef LCD_TYPE 
....................    #define LCD_TYPE 2           // 0=5x7, 1=5x10, 2=2 lines 
.................... #endif 
....................  
.................... #ifndef LCD_LINE_TWO 
....................    #define LCD_LINE_TWO 0x40    // LCD RAM address for the second line 
.................... #endif 
....................  
.................... #ifndef LCD_LINE_LENGTH 
....................    #define LCD_LINE_LENGTH 20 
.................... #endif 
....................  
.................... unsigned int8 lcd_read_nibble(void); 
....................  
.................... unsigned int8 lcd_read_byte(void) 
.................... { 
....................    unsigned int8 low,high; 
....................  
....................  #if defined(__PCB__) 
....................    set_tris_lcd(LCD_INPUT_MAP); 
....................  #else 
....................   #if (defined(LCD_DATA4) && defined(LCD_DATA5) && defined(LCD_DATA6) && defined(LCD_DATA7)) 
....................    output_float(LCD_DATA4); 
....................    output_float(LCD_DATA5); 
....................    output_float(LCD_DATA6); 
....................    output_float(LCD_DATA7); 
....................   #else 
....................    lcdtris.data = 0xF; 
*
0041:  MOVLW  0F
0042:  MOVLB  01
0043:  ANDWF  0D,W
0044:  IORLW  F0
0045:  MOVWF  0D
....................   #endif 
....................  #endif 
....................          
....................    lcd_output_rw(1); 
0046:  MOVLB  00
0047:  BSF    0D.2
....................    delay_cycles(1); 
0048:  NOP
....................    lcd_output_enable(1); 
0049:  BSF    0D.0
....................    delay_cycles(1); 
004A:  NOP
....................    high = lcd_read_nibble(); 
004B:  CALL   035
004C:  MOVF   78,W
004D:  MOVWF  2C
....................        
....................    lcd_output_enable(0); 
004E:  BCF    0D.0
....................    delay_cycles(1); 
004F:  NOP
....................    lcd_output_enable(1); 
0050:  BSF    0D.0
....................    delay_us(1); 
0051:  NOP
....................    low = lcd_read_nibble(); 
0052:  CALL   035
0053:  MOVF   78,W
0054:  MOVWF  2B
....................        
....................    lcd_output_enable(0); 
0055:  BCF    0D.0
....................  
....................  #if defined(__PCB__) 
....................    set_tris_lcd(LCD_OUTPUT_MAP); 
....................  #else 
....................   #if (defined(LCD_DATA4) && defined(LCD_DATA5) && defined(LCD_DATA6) && defined(LCD_DATA7)) 
....................    output_drive(LCD_DATA4); 
....................    output_drive(LCD_DATA5); 
....................    output_drive(LCD_DATA6); 
....................    output_drive(LCD_DATA7); 
....................   #else 
....................    lcdtris.data = 0x0; 
0056:  MOVLW  0F
0057:  MOVLB  01
0058:  ANDWF  0D,W
0059:  MOVWF  0D
....................   #endif 
....................  #endif 
....................  
....................    return( (high<<4) | low); 
005A:  MOVLB  00
005B:  SWAPF  2C,W
005C:  MOVWF  77
005D:  MOVLW  F0
005E:  ANDWF  77,F
005F:  MOVF   77,W
0060:  IORWF  2B,W
0061:  MOVWF  78
.................... } 
....................  
.................... unsigned int8 lcd_read_nibble(void) 
.................... { 
....................   #if (defined(LCD_DATA4) && defined(LCD_DATA5) && defined(LCD_DATA6) && defined(LCD_DATA7)) 
....................    unsigned int8 n = 0x00; 
....................  
....................    /* Read the data port */ 
....................    n |= input(LCD_DATA4); 
....................    n |= input(LCD_DATA5) << 1; 
....................    n |= input(LCD_DATA6) << 2; 
....................    n |= input(LCD_DATA7) << 3; 
....................     
....................    return(n); 
....................   #else 
....................    return(lcd.data); 
*
0035:  MOVF   0D,W
0036:  MOVWF  77
0037:  SWAPF  0D,W
0038:  ANDLW  0F
0039:  MOVWF  78
....................   #endif 
003A:  RETURN
.................... } 
....................  
.................... void lcd_send_nibble(unsigned int8 n) 
.................... { 
....................   #if (defined(LCD_DATA4) && defined(LCD_DATA5) && defined(LCD_DATA6) && defined(LCD_DATA7)) 
....................    /* Write to the data port */ 
....................    output_bit(LCD_DATA4, bit_test(n, 0)); 
....................    output_bit(LCD_DATA5, bit_test(n, 1)); 
....................    output_bit(LCD_DATA6, bit_test(n, 2)); 
....................    output_bit(LCD_DATA7, bit_test(n, 3)); 
....................   #else       
....................    lcdlat.data = n; 
*
0029:  SWAPF  2C,W
002A:  ANDLW  F0
002B:  MOVWF  77
002C:  MOVLW  0F
002D:  ANDWF  0D,W
002E:  IORWF  77,W
002F:  MOVWF  0D
....................   #endif 
....................        
....................    delay_cycles(1); 
0030:  NOP
....................    lcd_output_enable(1); 
0031:  BSF    0D.0
....................    delay_us(2); 
0032:  GOTO   033
....................    lcd_output_enable(0); 
0033:  BCF    0D.0
0034:  RETURN
.................... } 
....................  
.................... void lcd_send_byte(unsigned int8 address, unsigned int8 n) 
.................... { 
....................   #if defined(__PCB__) 
....................    set_tris_lcd(LCD_OUTPUT_MAP); 
....................   #else 
....................    lcd_enable_tris(); 
*
003B:  MOVLB  01
003C:  BCF    0D.0
....................    lcd_rs_tris(); 
003D:  BCF    0D.1
....................    lcd_rw_tris(); 
003E:  BCF    0D.2
....................   #endif 
....................  
....................    lcd_output_rs(0); 
003F:  MOVLB  00
0040:  BCF    0D.1
....................    while ( bit_test(lcd_read_byte(),7) ) ; 
*
0062:  MOVF   78,W
0063:  MOVWF  2B
0064:  BTFSC  2B.7
0065:  GOTO   041
....................    lcd_output_rs(address); 
0066:  BTFSS  29.0
0067:  BCF    0D.1
0068:  BTFSC  29.0
0069:  BSF    0D.1
....................    delay_cycles(1); 
006A:  NOP
....................    lcd_output_rw(0); 
006B:  BCF    0D.2
....................    delay_cycles(1); 
006C:  NOP
....................    lcd_output_enable(0); 
006D:  BCF    0D.0
....................    lcd_send_nibble(n >> 4); 
006E:  SWAPF  2A,W
006F:  MOVWF  2B
0070:  MOVLW  0F
0071:  ANDWF  2B,F
0072:  MOVF   2B,W
0073:  MOVWF  2C
0074:  CALL   029
....................    lcd_send_nibble(n & 0xf); 
0075:  MOVF   2A,W
0076:  ANDLW  0F
0077:  MOVWF  2B
0078:  MOVWF  2C
0079:  CALL   029
007A:  RETURN
.................... } 
....................  
.................... #if defined(LCD_EXTENDED_NEWLINE) 
.................... unsigned int8 g_LcdX, g_LcdY; 
.................... #endif 
....................  
.................... void lcd_init(void)  
.................... { 
....................    unsigned int8 i; 
....................    unsigned int8 LCD_INIT_STRING[4] = {0x20 | (LCD_TYPE << 2), 0xc, 1, 6}; 
007B:  MOVLW  28
007C:  MOVWF  22
007D:  MOVLW  0C
007E:  MOVWF  23
007F:  MOVLW  01
0080:  MOVWF  24
0081:  MOVLW  06
0082:  MOVWF  25
....................                              // These bytes need to be sent to the LCD 
....................                              // to start it up. 
....................     
....................  
....................    lcd_output_enable(0); 
0083:  BCF    0D.0
....................    lcd_output_rs(0); 
0084:  BCF    0D.1
....................    lcd_output_rw(0); 
0085:  BCF    0D.2
....................  
....................  #if defined(__PCB__) 
....................    set_tris_lcd(LCD_OUTPUT_MAP); 
....................  #else 
....................   #if (defined(LCD_DATA4) && defined(LCD_DATA5) && defined(LCD_DATA6) && defined(LCD_DATA7)) 
....................    output_drive(LCD_DATA4); 
....................    output_drive(LCD_DATA5); 
....................    output_drive(LCD_DATA6); 
....................    output_drive(LCD_DATA7); 
....................   #else 
....................    lcdtris.data = 0x0; 
0086:  MOVLW  0F
0087:  MOVLB  01
0088:  ANDWF  0D,W
0089:  MOVWF  0D
....................   #endif 
....................    lcd_enable_tris(); 
008A:  BCF    0D.0
....................    lcd_rs_tris(); 
008B:  BCF    0D.1
....................    lcd_rw_tris(); 
008C:  BCF    0D.2
....................  #endif 
....................      
....................    delay_ms(15); 
008D:  MOVLW  0F
008E:  MOVLB  00
008F:  MOVWF  26
0090:  CALL   013
....................    for(i=1;i<=3;++i) 
0091:  MOVLW  01
0092:  MOVWF  21
0093:  MOVF   21,W
0094:  SUBLW  03
0095:  BTFSS  03.0
0096:  GOTO   09F
....................    { 
....................        lcd_send_nibble(3); 
0097:  MOVLW  03
0098:  MOVWF  2C
0099:  CALL   029
....................        delay_ms(5); 
009A:  MOVLW  05
009B:  MOVWF  26
009C:  CALL   013
009D:  INCF   21,F
009E:  GOTO   093
....................    } 
....................     
....................    lcd_send_nibble(2); 
009F:  MOVLW  02
00A0:  MOVWF  2C
00A1:  CALL   029
....................    delay_ms(5); 
00A2:  MOVLW  05
00A3:  MOVWF  26
00A4:  CALL   013
....................    for(i=0;i<=3;++i) 
00A5:  CLRF   21
00A6:  MOVF   21,W
00A7:  SUBLW  03
00A8:  BTFSS  03.0
00A9:  GOTO   0B9
....................       lcd_send_byte(0,LCD_INIT_STRING[i]); 
00AA:  MOVLW  02
00AB:  ADDWF  21,W
00AC:  MOVWF  04
00AD:  MOVLW  20
00AE:  MOVWF  05
00AF:  BTFSC  03.0
00B0:  INCF   05,F
00B1:  MOVF   00,W
00B2:  MOVWF  26
00B3:  CLRF   29
00B4:  MOVF   26,W
00B5:  MOVWF  2A
00B6:  CALL   03B
....................  
....................   #if defined(LCD_EXTENDED_NEWLINE) 
00B7:  INCF   21,F
00B8:  GOTO   0A6
00B9:  MOVLP  00
00BA:  GOTO   14D (RETURN)
....................    g_LcdX = 0; 
....................    g_LcdY = 0; 
....................   #endif 
.................... } 
....................  
.................... void lcd_gotoxy(unsigned int8 x, unsigned int8 y) 
.................... { 
....................    unsigned int8 address; 
....................     
....................    if(y!=1) 
00BB:  DECFSZ 26,W
00BC:  GOTO   0BE
00BD:  GOTO   0C1
....................       address=LCD_LINE_TWO; 
00BE:  MOVLW  40
00BF:  MOVWF  27
00C0:  GOTO   0C2
....................    else 
....................       address=0; 
00C1:  CLRF   27
....................       
....................    address+=x-1; 
00C2:  MOVLW  01
00C3:  SUBWF  25,W
00C4:  ADDWF  27,F
....................    lcd_send_byte(0,0x80|address); 
00C5:  MOVF   27,W
00C6:  IORLW  80
00C7:  MOVWF  28
00C8:  CLRF   29
00C9:  MOVF   28,W
00CA:  MOVWF  2A
00CB:  CALL   03B
....................  
....................   #if defined(LCD_EXTENDED_NEWLINE) 
00CC:  RETURN
....................    g_LcdX = x - 1; 
....................    g_LcdY = y - 1; 
....................   #endif 
.................... } 
....................  
.................... void lcd_putc(char c) 
.................... { 
....................    switch (c) 
00CD:  MOVF   24,W
00CE:  XORLW  07
00CF:  BTFSC  03.2
00D0:  GOTO   0DB
00D1:  XORLW  0B
00D2:  BTFSC  03.2
00D3:  GOTO   0E0
00D4:  XORLW  06
00D5:  BTFSC  03.2
00D6:  GOTO   0E8
00D7:  XORLW  02
00D8:  BTFSC  03.2
00D9:  GOTO   0EE
00DA:  GOTO   0F3
....................    { 
....................       case '\a'   :  lcd_gotoxy(1,1);     break; 
00DB:  MOVLW  01
00DC:  MOVWF  25
00DD:  MOVWF  26
00DE:  CALL   0BB
00DF:  GOTO   0F8
....................  
....................       case '\f'   :  lcd_send_byte(0,1); 
00E0:  CLRF   29
00E1:  MOVLW  01
00E2:  MOVWF  2A
00E3:  CALL   03B
....................                      delay_ms(2); 
00E4:  MOVLW  02
00E5:  MOVWF  26
00E6:  CALL   013
....................                     #if defined(LCD_EXTENDED_NEWLINE) 
....................                      g_LcdX = 0; 
....................                      g_LcdY = 0; 
....................                     #endif 
....................                      break; 
00E7:  GOTO   0F8
....................  
....................      #if defined(LCD_EXTENDED_NEWLINE) 
....................       case '\r'   :  lcd_gotoxy(1, g_LcdY+1);   break; 
....................       case '\n'   : 
....................          while (g_LcdX++ < LCD_LINE_LENGTH) 
....................          { 
....................             lcd_send_byte(1, ' '); 
....................          } 
....................          lcd_gotoxy(1, g_LcdY+2); 
....................          break; 
....................      #else 
....................       case '\n'   : lcd_gotoxy(1,2);        break; 
00E8:  MOVLW  01
00E9:  MOVWF  25
00EA:  MOVLW  02
00EB:  MOVWF  26
00EC:  CALL   0BB
00ED:  GOTO   0F8
....................      #endif 
....................       
....................       case '\b'   : lcd_send_byte(0,0x10);  break; 
00EE:  CLRF   29
00EF:  MOVLW  10
00F0:  MOVWF  2A
00F1:  CALL   03B
00F2:  GOTO   0F8
....................       
....................      #if defined(LCD_EXTENDED_NEWLINE) 
....................       default     :  
....................          if (g_LcdX < LCD_LINE_LENGTH) 
....................          { 
....................             lcd_send_byte(1, c); 
....................             g_LcdX++; 
....................          } 
....................          break; 
....................      #else 
....................       default     : lcd_send_byte(1,c);     break; 
00F3:  MOVLW  01
00F4:  MOVWF  29
00F5:  MOVF   24,W
00F6:  MOVWF  2A
00F7:  CALL   03B
....................      #endif 
....................    } 
00F8:  RETURN
.................... } 
....................   
.................... char lcd_getc(unsigned int8 x, unsigned int8 y) 
.................... { 
....................    char value; 
....................  
....................    lcd_gotoxy(x,y); 
....................    while ( bit_test(lcd_read_byte(),7) ); // wait until busy flag is low 
....................    lcd_output_rs(1); 
....................    value = lcd_read_byte(); 
....................    lcd_output_rs(0); 
....................     
....................    return(value); 
.................... } 
....................  
.................... // write a custom character to the ram 
.................... // which is 0-7 and specifies which character array we are modifying. 
.................... // ptr points to an array of 8 bytes, where each byte is the next row of 
.................... //    pixels.  only bits 0-4 are used.  the last row is the cursor row, and 
.................... //    usually you will want to leave this byte 0x00. 
.................... void lcd_set_cgram_char(unsigned int8 which, unsigned int8 *ptr) 
.................... { 
....................    unsigned int i; 
....................  
....................    which <<= 3; 
....................    which &= 0x38; 
....................  
....................    lcd_send_byte(0, 0x40 | which);  //set cgram address 
....................  
....................    for(i=0; i<8; i++) 
....................    { 
....................       lcd_send_byte(1, *ptr++); 
....................    } 
....................    
....................    #if defined(LCD_EXTENDED_NEWLINE) 
....................     lcd_gotoxy(g_LcdX+1, g_LcdY+1);  //set ddram address 
....................    #endif 
.................... } 
....................  
.................... void lcd_cursor_on(int1 on) 
.................... { 
....................    if (on) 
....................    { 
....................       lcd_send_byte(0,0x0F);           //turn LCD cursor ON 
....................    } 
....................    else 
....................    { 
....................       lcd_send_byte(0,0x0C);           //turn LCD cursor OFF 
....................    } 
.................... } 
....................  
.................... #endif 
....................  
....................  
.................... #define LED PIN_A1 
.................... #define DELAY 1000 
.................... void main() 
*
0143:  MOVLB  03
0144:  CLRF   0C
0145:  CLRF   0D
0146:  MOVLB  02
0147:  CLRF   12
0148:  CLRF   11
0149:  CLRF   14
014A:  CLRF   13
.................... { 
....................    lcd_init(); 
014B:  MOVLB  00
014C:  GOTO   07B
....................  
....................    set_tris_a(0b11111111); 
014D:  MOVLW  FF
014E:  TRIS   5
....................    set_tris_b(0b00000000); 
014F:  MOVLW  00
0150:  TRIS   6
....................    while(TRUE) 
....................    { 
....................       if(input_state(PIN_A0)) 
0151:  BTFSS  0C.0
0152:  GOTO   164
....................       { 
....................          output_high(LED);  
0153:  MOVLB  01
0154:  BCF    0C.1
0155:  MOVLB  02
0156:  BSF    0C.1
....................          lcd_gotoxy(1,1); 
0157:  MOVLW  01
0158:  MOVLB  00
0159:  MOVWF  25
015A:  MOVWF  26
015B:  CALL   0BB
....................          printf(lcd_putc,"Motor encendido"); 
015C:  MOVLW  03
015D:  MOVLB  03
015E:  MOVWF  11
015F:  MOVLW  00
0160:  MOVWF  12
0161:  MOVLB  00
0162:  CALL   0F9
....................       } 
0163:  GOTO   177
....................       else  
....................       { 
....................          lcd_gotoxy(1,1); 
0164:  MOVLW  01
0165:  MOVWF  25
0166:  MOVWF  26
0167:  CALL   0BB
....................          printf(lcd_putc,"\fMotor apagado"); 
0168:  MOVLW  0B
0169:  MOVLB  03
016A:  MOVWF  11
016B:  MOVLW  00
016C:  MOVWF  12
016D:  MOVLB  00
016E:  CALL   0F9
....................          output_low(LED); 
016F:  MOVLB  01
0170:  BCF    0C.1
0171:  MOVLB  02
0172:  BCF    0C.1
....................          DELAY_MS(100); 
0173:  MOVLW  64
0174:  MOVLB  00
0175:  MOVWF  26
0176:  CALL   013
....................       } 
0177:  GOTO   151
....................    } 
.................... } 
....................  
0178:  SLEEP
....................  

Configuration Fuses:
   Word  1: 3FC1   XT NOWDT PUT MCLR NOPROTECT NOCPD BROWNOUT NOCLKOUT IESO FCMEN
   Word  2: 1EFF   NOWRT PLL_SW STVREN BORV19 NODEBUG NOLVP
